MERGE	Q24249	Q24617	Lexique maba-français	a lexical-conceptual resource
MERGE	Q24251	Q24351	Lexique wolof-français	a lexical-conceptual resource
MERGE	Q24300	Q24417	Lexique bambara à l\'usage des centres d\'alphabétisation	a lexical-conceptual resource
MERGE	Q24307	Q24306	Dicionário português-cinyanja	a lexical-conceptual resource
MERGE	Q24381	Q24380	English-Tsonga, Tsonga-English pocket dictionary	a lexical-conceptual resource
MERGE	Q24382	Q24380	English-Tsonga, Tsonga-English pocket dictionary	a lexical-conceptual resource
MERGE	Q24383	Q24380	English-Tsonga, Tsonga-English pocket dictionary	a lexical-conceptual resource
MERGE	Q24618	Q24249	Lexique maba-français	a lexical-conceptual resource
MERGE	Q25460	Q25459	Pangasinan Dictionary	a lexical-conceptual resource
MERGE	Q25511	Q25510	Diccionario Matsés-Castellano	a lexical-conceptual resource
MERGE	Q25528	Q25527	Modern English–Thai, Thai–English dictionary	a lexical-conceptual resource
MERGE	Q25573	Q24241	Dictionary Ma\'di-English, English-Ma\'di	a lexical-conceptual resource
MERGE	Q25577	Q24291	Swahili-English dictionary	a lexical-conceptual resource
MERGE	Q25587	Q25586	Ronga-English dictionary	a lexical-conceptual resource
MERGE	Q25601	Q25600	Gidole dictionary	a lexical-conceptual resource
MERGE	Q25616	Q25615	Dagomba (Dagbane) dictionary	a lexical-conceptual resource
MERGE	Q25625	Q25624	Dictionnaire informatisé pounou-français	a lexical-conceptual resource
MERGE	Q25629	Q24376	Sisaala-English, English-Sisaala dictionary	a lexical-conceptual resource
MERGE	Q25669	Q25668	A Santal dictionary	a lexical-conceptual resource
MERGE	Q25695	Q25116	Diccionario español-bubi	a lexical-conceptual resource
MERGE	Q25706	Q25248	Dongbu Yuguyu Cihui	a lexical-conceptual resource
MERGE	Q25730	Q25720	Miju dictionary	a lexical-conceptual resource
MERGE	Q25732	Q24787	Uzbeksko-Russkij Slovar\'	a lexical-conceptual resource
MERGE	Q25778	Q25777	Merey provisional lexicon	a lexical-conceptual resource
MERGE	Q25783	Q25782	Persisch-deutsches Wörterbuch	a lexical-conceptual resource
MERGE	Q25794	Q25793	Dictionary of the Siamese language	a lexical-conceptual resource
MERGE	Q25799	Q25798	Southern Lisu dictionary	a lexical-conceptual resource
MERGE	Q25819	Q25818	The South African pocket Oxford dictionary	a lexical-conceptual resource
MERGE	Q25820	Q25813	A dictionary of South African English	a lexical-conceptual resource
MERGE	Q25821	Q25813	A dictionary of South African English	a lexical-conceptual resource
MERGE	Q25822	Q25813	A dictionary of South African English	a lexical-conceptual resource
MERGE	Q25835	Q25834	Introductory dictionary of Western Arrernte	a lexical-conceptual resource
MERGE	Q25837	Q25025	Introductory Dictionary of Western Arrernte	a lexical-conceptual resource
MERGE	Q25865	Q24425	Lexique lama-français-anglais	a lexical-conceptual resource
MERGE	Q25870	Q25767	Petit dictionnaire Baka-Français	a lexical-conceptual resource
MERGE	Q25878	Q25877	Diccionario Náhuatl del norte del estado de puebla	a lexical-conceptual resource
MERGE	Q25894	Q25892	Secwana dictionary: English-Secwana and Secwana-English	a lexical-conceptual resource
MERGE	Q25902	Q25302	Dictionnaire mada	a lexical-conceptual resource
MERGE	Q25917	Q25916	English-Nandi dictionary	a lexical-conceptual resource
MERGE	Q25941	Q25940	Dictionnaire karaboro-français et français-karaboro	a lexical-conceptual resource
MERGE	Q25986	Q25985	Nyakyusa manuscript dictionary	a lexical-conceptual resource
MERGE	Q26036	Q26035	Lexique masa (Tchad et Cameroun)	a lexical-conceptual resource
MERGE	Q26071	Q26070	Diccionario Mixteco de San Juan Colorado	a lexical-conceptual resource
MERGE	Q26078	Q25994	Russko-Xakasskij slovar\'	a lexical-conceptual resource
MERGE	Q26086	Q26084	A New Fijian Dictionary	a lexical-conceptual resource
MERGE	Q26130	Q24972	Ute Dictionary	a lexical-conceptual resource
MERGE	Q26146	Q26145	Diccionario lingüístico-etnográfico de la lengua mapuche	a lexical-conceptual resource
MERGE	Q26161	Q26160	Dicionário macua-português	a lexical-conceptual resource
MERGE	Q26206	Q26205	Dictionnaire français-comorien	a lexical-conceptual resource
MERGE	Q26241	Q26240	Pocket dictionary Thonga (Shangaan)-English, English-Thonga (Shangaan)	a lexical-conceptual resource
MERGE	Q26242	Q26240	Pocket dictionary Thonga (Shangaan)-English, English-Thonga (Shangaan)	a lexical-conceptual resource
MERGE	Q26262	Q25232	Vocabolario Milanese-Italiano	a lexical-conceptual resource
MERGE	Q26287	Q26286	English-Sotho, Sotho-English pocket dictionary	a lexical-conceptual resource
MERGE	Q26288	Q26286	English-Sotho, Sotho-English pocket dictionary	a lexical-conceptual resource
MERGE	Q26295	Q26294	Pfälzisches Wörterbuch	a lexical-conceptual resource
MERGE	Q26313	Q26312	Dictionnaire français-wolof	a lexical-conceptual resource
MERGE	Q26322	Q26319	Language. In Darrell T. Tryon, ed., Comparative Austronesian Dictionary	a lexical-conceptual resource
MERGE	Q26341	Q26340	Luo-English dictionary	a lexical-conceptual resource
MERGE	Q26357	Q26356	Clough\'s Sinhala English dictionary	a lexical-conceptual resource
MERGE	Q26361	Q26359	Ngarinjin-English dictionary	a lexical-conceptual resource
MERGE	Q26379	Q26378	Zulu-English dictionary	a lexical-conceptual resource
MERGE	Q26380	Q26378	Zulu-English dictionary	a lexical-conceptual resource
MERGE	Q26381	Q26378	Zulu-English dictionary	a lexical-conceptual resource
MERGE	Q26382	Q26378	Zulu-English dictionary	a lexical-conceptual resource
MERGE	Q26394	Q26392	Upper Kuskokwim Athapaskan dictionary (Dinak\'i)	a lexical-conceptual resource
MERGE	Q26395	Q26391	Mapun-English dictionary	a lexical-conceptual resource
MERGE	Q26404	Q26328	Historical dictionary of Senegal	a lexical-conceptual resource
MERGE	Q26405	Q24481	Myanmar-English dictionary	a lexical-conceptual resource
MERGE	Q26410	Q24365	English-Ndonga dictionary	a lexical-conceptual resource
MERGE	Q26414	Q26004	Diccionario Zapoteco de Yatzachi: Yatzachi el bajo, Yatzachi el alto, Oaxaca	a lexical-conceptual resource
MERGE	Q26446	Q26445	[lat] Bibliotheca sinica: [fra] dictionnaire bibliographique des ouvrages relatifs à l\'empire chinois	a lexical-conceptual resource
MERGE	Q26462	Q26461	A dictionary of the French and English Tongues (1611)	a lexical-conceptual resource
MERGE	Q26491	Q26488	A dictionary of the Nandi language	a lexical-conceptual resource
MERGE	Q26503	Q26502	Historical dictionary of Malawi	a lexical-conceptual resource
MERGE	Q26504	Q26502	Historical dictionary of Malawi	a lexical-conceptual resource
MERGE	Q26508	Q26507	Vagla-English, English-Vagla dictionary	a lexical-conceptual resource
MERGE	Q26514	Q26513	A New Bislama Dictionary	a lexical-conceptual resource
MERGE	Q26517	Q24447	A dictionary of the Yoruba language	a lexical-conceptual resource
MERGE	Q26518	Q24447	A dictionary of the Yoruba language	a lexical-conceptual resource
MERGE	Q26519	Q24447	A dictionary of the Yoruba language	a lexical-conceptual resource
MERGE	Q26524	Q26523	A Coptic dictionary	a lexical-conceptual resource
MERGE	Q26525	Q26523	A Coptic dictionary	a lexical-conceptual resource
MERGE	Q26526	Q26523	A Coptic dictionary	a lexical-conceptual resource
MERGE	Q26527	Q26523	A Coptic dictionary	a lexical-conceptual resource
MERGE	Q26529	Q26523	A Coptic dictionary	a lexical-conceptual resource
MERGE	Q26530	Q26523	A Coptic dictionary	a lexical-conceptual resource
MERGE	Q26531	Q26523	A Coptic dictionary	a lexical-conceptual resource
MERGE	Q26532	Q26523	A Coptic dictionary	a lexical-conceptual resource
MERGE	Q26533	Q26523	A Coptic dictionary	a lexical-conceptual resource
MERGE	Q26534	Q24744	Diccionario Tzeltal de Bachajón, Chiapas	a lexical-conceptual resource
MERGE	Q26536	Q26070	Diccionario Mixteco de San Juan Colorado	a lexical-conceptual resource
MERGE	Q26538	Q26537	A dictionary of linguistics and phonetics	a lexical-conceptual resource
MERGE	Q26539	Q26537	A dictionary of linguistics and phonetics	a lexical-conceptual resource
MERGE	Q26566	Q26565	Dictionary of the Kanuri language	a lexical-conceptual resource
MERGE	Q26585	Q26584	Nyamwesi-Wörterbuch	a lexical-conceptual resource
MERGE	Q26597	Q26596	A basic English-Shona dictionary	a lexical-conceptual resource
MERGE	Q26642	Q26641	Lexique fulfulde-anglais-français	a lexical-conceptual resource
MERGE	Q26657	Q26656	A Lunyoro-Lunyankole-English and English-Lunyoro-Lunyankole dictionary	a lexical-conceptual resource
MERGE	Q26702	Q26701	Historical dictionary of Benin	a lexical-conceptual resource
MERGE	Q26703	Q24696	Historical dictionary of Chad	a lexical-conceptual resource
MERGE	Q26705	Q26704	Historical dictionary of Niger	a lexical-conceptual resource
MERGE	Q26706	Q26704	Historical dictionary of Niger	a lexical-conceptual resource
MERGE	Q26708	Q26707	Historical dictionary of Togo	a lexical-conceptual resource
MERGE	Q26709	Q26707	Historical dictionary of Togo	a lexical-conceptual resource
MERGE	Q26724	Q26723	Historical dictionary of international organizations in sub-Saharan Africa	a lexical-conceptual resource
MERGE	Q26725	Q26722	Historical dictionary of the Republic of Cameroon	a lexical-conceptual resource
MERGE	Q26746	Q24507	Wollof-English dictionary	a lexical-conceptual resource
MERGE	Q26747	Q24398	Lexique mamara-français	a lexical-conceptual resource
MERGE	Q26758	Q26757	Ibo dictionary	a lexical-conceptual resource
MERGE	Q26763	Q26762	Compact Zulu dictionary: English-Zulu, Zulu-English	a lexical-conceptual resource
MERGE	Q26764	Q26762	Compact Zulu dictionary: English-Zulu, Zulu-English	a lexical-conceptual resource
MERGE	Q26765	Q26762	Compact Zulu dictionary: English-Zulu, Zulu-English	a lexical-conceptual resource
MERGE	Q26766	Q26762	Compact Zulu dictionary: English-Zulu, Zulu-English	a lexical-conceptual resource
MERGE	Q26776	Q26773	Lexique kikôngo-français, français-kikônge	a lexical-conceptual resource
MERGE	Q26785	Q24529	Dictionnaire congo-français	a lexical-conceptual resource
MERGE	Q26801	Q24961	Lexique français–khmer expliqué	a lexical-conceptual resource
MERGE	Q26809	Q26620	Dictionnaire soninke-français	a lexical-conceptual resource
MERGE	Q26824	Q26821	Diccionario del idioma q\'anjob\'al	a lexical-conceptual resource
MERGE	Q26829	Q26828	Southern Sotho-English dictionary	a lexical-conceptual resource
MERGE	Q26871	Q24414	Dicionário cinyanja-português	a lexical-conceptual resource
MERGE	Q26885	Q26378	Zulu-English dictionary	a lexical-conceptual resource
MERGE	Q26886	Q26378	Zulu-English dictionary	a lexical-conceptual resource
MERGE	Q26887	Q26378	Zulu-English dictionary	a lexical-conceptual resource
MERGE	Q26888	Q26378	Zulu-English dictionary	a lexical-conceptual resource
MERGE	Q26896	Q25083	Diccionario Popoloca de San Juan Atzingo Puebla	a lexical-conceptual resource
MERGE	Q26903	Q26902	Lexique balante-français	a lexical-conceptual resource
MERGE	Q26923	Q25817	A dictionary of South African English on historical principles	a lexical-conceptual resource
MERGE	Q26924	Q25817	A dictionary of South African English on historical principles	a lexical-conceptual resource
MERGE	Q26942	Q24815	Dictionnaire bahnar-français	a lexical-conceptual resource
MERGE	Q26950	Q26949	Woordenboekje van het Deventersch dialect	a lexical-conceptual resource
MERGE	Q26962	Q24449	A small Kamano dictionary	a lexical-conceptual resource
MERGE	Q26964	Q26963	Xhosa dictionary: English-Xhosa-Afrikaans, Xhosa-English-Afrikaans	a lexical-conceptual resource
MERGE	Q26965	Q26963	Xhosa dictionary: English-Xhosa-Afrikaans, Xhosa-English-Afrikaans	a lexical-conceptual resource
MERGE	Q26973	Q26972	Vocabulário na Língua Brasílica	a lexical-conceptual resource
MERGE	Q26977	Q26549	Lexique tamasheq	a lexical-conceptual resource
MERGE	Q27013	Q25517	Historical dictionary of Liberia	a lexical-conceptual resource
MERGE	Q27025	Q24954	Mundani-English lexicon	a lexical-conceptual resource
MERGE	Q27055	Q25208	Altajsko-Russkij Slovar\'	a lexical-conceptual resource
MERGE	Q27071	Q27070	An Indonesian-English Dictionary	a lexical-conceptual resource
MERGE	Q27073	Q27072	An Indonesian-English dictionary	a lexical-conceptual resource
MERGE	Q27101	Q27100	Atayal-English dictionary	a lexical-conceptual resource
MERGE	Q27135	Q27134	Elias\' modern dictionary: Arabic-English	a lexical-conceptual resource
MERGE	Q27207	Q25036	A first dictionary of Dalabon (Ngalkbon)	a lexical-conceptual resource
MERGE	Q27226	Q27225	Lexique des noms vernaculaires des plantes du Niger	a lexical-conceptual resource
MERGE	Q27253	Q27252	Diccionario básico del mixteco de Yosondúa, Oaxaca	a lexical-conceptual resource
MERGE	Q27262	Q24324	The White Fathers\' Bemba-English dictionary	a lexical-conceptual resource
MERGE	Q27267	Q27265	A concise dictionary of Middle Egyptian	a lexical-conceptual resource
MERGE	Q27611	Q27610	Dictionnaire français-kiluba	a lexical-conceptual resource
MERGE	Q27661	Q27660	Dictionary of the Efik language	a lexical-conceptual resource
MERGE	Q27666	Q27665	Historical dictionary of Egypt	a lexical-conceptual resource
MERGE	Q27278	Q27277	Dictionary ya Sheng	a lexical-conceptual resource
MERGE	Q27303	Q27302	Nhaheun-French-English Lexicon	a lexical-conceptual resource
MERGE	Q27333	Q24597	English-Xhosa dictionary	a lexical-conceptual resource
MERGE	Q27334	Q24597	English-Xhosa dictionary	a lexical-conceptual resource
MERGE	Q27339	Q27338	Cheyenne dictionary	a lexical-conceptual resource
MERGE	Q27341	Q27312	Dictionnaire de la langue de Madagascar	a lexical-conceptual resource
MERGE	Q27349	Q27348	Historical dictionary of the Sudan	a lexical-conceptual resource
MERGE	Q27364	Q27363	Kuuk Thaayorre dictionary: English / Thaayorre: supplement to the Thaayorre / English dictionary	a lexical-conceptual resource
MERGE	Q27776	Q27775	Dictionary of the Pende language	a lexical-conceptual resource
MERGE	Q27797	Q25719	Historical dictionary of Swaziland	a lexical-conceptual resource
MERGE	Q27798	Q27795	Historical dictionary of Zambia	a lexical-conceptual resource
MERGE	Q27817	Q24783	English-Amharic dictionary	a lexical-conceptual resource
MERGE	Q27838	Q27837	Turkana-English manuscript dictionary	a lexical-conceptual resource
MERGE	Q27867	Q27866	English - Georgian dictionary	a lexical-conceptual resource
MERGE	Q27882	Q27881	The standardisation of the Ndebele language through dictionary-making	a lexical-conceptual resource
MERGE	Q27889	Q27888	Dictionnaire otetela-français	a lexical-conceptual resource
MERGE	Q27890	Q27887	Dictionnaire français-otetela	a lexical-conceptual resource
MERGE	Q27895	Q24394	Lexique songay-français	a lexical-conceptual resource
MERGE	Q27919	Q27918	Pequeno dicionário xavánte-português, português-xavánte	a lexical-conceptual resource
MERGE	Q27924	Q26560	Visayan-English dictionary	a lexical-conceptual resource
MERGE	Q27933	Q27932	English-Southern Sesotho dictionary	a lexical-conceptual resource
MERGE	Q27947	Q27946	Standard Shona dictionary	a lexical-conceptual resource
MERGE	Q27948	Q27946	Standard Shona dictionary	a lexical-conceptual resource
MERGE	Q27949	Q27946	Standard Shona dictionary	a lexical-conceptual resource
MERGE	Q27950	Q27946	Standard Shona dictionary	a lexical-conceptual resource
MERGE	Q27963	Q27962	A dictionary of the Kachin language	a lexical-conceptual resource
MERGE	Q28070	Q28069	Historical dictionary of Algeria	a lexical-conceptual resource
MERGE	Q28082	Q28081	World lexicon of grammaticalization	a lexical-conceptual resource
MERGE	Q28104	Q28103	Rossel language, Milne Bay Province: Rossel to English, English to Rossel	a lexical-conceptual resource
MERGE	Q28106	Q26876	Eastern and Central Arrernte to English Dictionary	a lexical-conceptual resource
MERGE	Q28112	Q28111	Kleines Mittelhochdeutsches Wörterbuch	a lexical-conceptual resource
MERGE	Q28128	Q28127	Wörterbuch Swahili-Deutsch	a lexical-conceptual resource
MERGE	Q28131	Q28130	Wörterbuch Hausa-Deutsch	a lexical-conceptual resource
MERGE	Q28132	Q28130	Wörterbuch Hausa-Deutsch	a lexical-conceptual resource
MERGE	Q28142	Q25655	Kuku-Yalanji dictionary	a lexical-conceptual resource
MERGE	Q28167	Q28166	Sudan Arabic: English-Arabic Vocabulary	a lexical-conceptual resource
MERGE	Q27470	Q27469	Historical dictionary of the Gambia	a lexical-conceptual resource
MERGE	Q27471	Q27469	Historical dictionary of the Gambia	a lexical-conceptual resource
MERGE	Q27478	Q27308	Diccionario español-kômbé	a lexical-conceptual resource
MERGE	Q27479	Q26111	Diccionario aymara-castellano, castellano-aymara	a lexical-conceptual resource
MERGE	Q27491	Q26388	Mandinka-English dictionary	a lexical-conceptual resource
MERGE	Q27502	Q26788	Russko-amcharskij slovar\'	a lexical-conceptual resource
MERGE	Q27516	Q27515	Historical dictionary of Gabon	a lexical-conceptual resource
MERGE	Q27519	Q27518	Binukid dictionary	a lexical-conceptual resource
MERGE	Q27529	Q27528	El dialecto vulgar leonés hablado en Maragateria y tierra de Astorga, notas grammaticales y vocabulario	a lexical-conceptual resource
MERGE	Q27556	Q27555	Soendaneesch-Hollandsch woordenboek	a lexical-conceptual resource
MERGE	Q27562	Q27552	Konso-English-Amharic agricultural dictionary	a lexical-conceptual resource
MERGE	Q27375	Q27374	Saterfriesisches Wörterbuch mit einem grammatischen Übersicht	a lexical-conceptual resource
MERGE	Q27388	Q27386	Dictionnaire touareg-français (dialecte de l\'Ahaggar)	a lexical-conceptual resource
MERGE	Q27389	Q27386	Dictionnaire touareg-français (dialecte de l\'Ahaggar)	a lexical-conceptual resource
MERGE	Q27412	Q27411	Blackfoot Dictionary	a lexical-conceptual resource
MERGE	Q27416	Q27415	Review of: English-Cheyenne student dictionary, by Wayne E. Leman and others, compilers	a lexical-conceptual resource
MERGE	Q27432	Q27917	Historical dictionary of Lesotho	a lexical-conceptual resource
MERGE	Q27453	Q27452	Diccionario quechua: Cuzco-Collao	a lexical-conceptual resource
MERGE	Q27981	Q27869	Diccionario Zoque de Copainalá	a lexical-conceptual resource
MERGE	Q27986	Q24813	Mokilese-English Dictionary	a lexical-conceptual resource
MERGE	Q28041	Q28040	Diccionario Miskito-Español, Español-Miskito	a lexical-conceptual resource
MERGE	Q27671	Q24960	Hupa Language Dictionary	a lexical-conceptual resource
MERGE	Q27673	Q25057	Tatarsko-Russkij Slovar\'	a lexical-conceptual resource
MERGE	Q27685	Q24518	Dictionary of the English and Benga languages	a lexical-conceptual resource
MERGE	Q27694	Q27693	Trukese-English Dictionary	a lexical-conceptual resource
MERGE	Q27696	Q24234	A first school dictionary for Namibia with Nama-Damara, Herero, Kwangali, Oshiwambo and Afrikaans words	a lexical-conceptual resource
MERGE	Q27701	Q27700	Zande and English dictionary	a lexical-conceptual resource
MERGE	Q27737	Q27736	De Soendaneesche Tolk: Hollandsch-Soendaneesche Woordenlijst	a lexical-conceptual resource
MERGE	Q27754	Q26411	Central Anmatyerr picture dictionary	a lexical-conceptual resource
MERGE	Q27767	Q27820	Dicionário português-umbundu	a lexical-conceptual resource
MERGE	Q28382	Q28381	Historical dictionary of Mali	a lexical-conceptual resource
MERGE	Q28383	Q28381	Historical dictionary of Mali	a lexical-conceptual resource
MERGE	Q28392	Q28391	A Grebo-English dictionary	a lexical-conceptual resource
MERGE	Q28397	Q24629	Russko-nogajskij slovar\'	a lexical-conceptual resource
MERGE	Q28403	Q26013	Slovar\' sel\'kupsko-russkij i russko-sel\'kupskij	a lexical-conceptual resource
MERGE	Q28431	Q25711	Dictionnaire annamite–français	a lexical-conceptual resource
MERGE	Q28440	Q28439	Maasai-English, English-Maasai dictionary	a lexical-conceptual resource
MERGE	Q28442	Q28441	Yup\'ik Eskimo dictionary	a lexical-conceptual resource
MERGE	Q28326	Q28325	Dictionnaire français-runyarwanda et runyarwanda-français	a lexical-conceptual resource
MERGE	Q28327	Q24907	Learner\'s Mongol-English Dictionary	a lexical-conceptual resource
MERGE	Q28361	Q24418	Le isangu de Mimongo (B.42): éléments de phonologie diachronique du isangu, correspondence proto-bantu isangu et lexique spécialisés	a lexical-conceptual resource
MERGE	Q28368	Q28367	Igbo-English dictionary	a lexical-conceptual resource
MERGE	Q28469	Q25875	Historical dictionary of Angola	a lexical-conceptual resource
MERGE	Q28479	Q28478	Kratkij dungansko-russkij slovar\'	a lexical-conceptual resource
MERGE	Q28488	Q28487	Podoko provisional lexicon	a lexical-conceptual resource
MERGE	Q28501	Q25881	Dictionnaire français-berbère	a lexical-conceptual resource
MERGE	Q28512	Q28510	A dictionary of Angkorian Khmer	a lexical-conceptual resource
MERGE	Q28542	Q27511	Diccionario mixteco de San Juan Colorado	a lexical-conceptual resource
MERGE	Q28545	Q28544	Diccionario básico del Mixteco de Xochapa, Guerrero	a lexical-conceptual resource
MERGE	Q28550	Q26857	Dobu-English dictionary	a lexical-conceptual resource
MERGE	Q28557	Q26407	Diccionario bilingüe: Eduria & Barasana-Español, Español-Eduria & Barasana	a lexical-conceptual resource
MERGE	Q28678	Q28677	Historical dictionary of the Central African Republic	a lexical-conceptual resource
MERGE	Q28679	Q28677	Historical dictionary of the Central African Republic	a lexical-conceptual resource
MERGE	Q28681	Q28680	Nembe-English dictionary	a lexical-conceptual resource
MERGE	Q28700	Q24785	Amharic-English dictionary	a lexical-conceptual resource
MERGE	Q28750	Q24783	English-Amharic dictionary	a lexical-conceptual resource
MERGE	Q28768	Q26142	Chipewyan Dictionary	a lexical-conceptual resource
MERGE	Q28211	Q28210	Historical dictionary of Western Sahara	a lexical-conceptual resource
MERGE	Q28246	Q28245	Dictionary of Bahamian English	a lexical-conceptual resource
MERGE	Q28251	Q24348	Lexique lyélé-français	a lexical-conceptual resource
MERGE	Q28267	Q28266	A dictionary of Luvale	a lexical-conceptual resource
MERGE	Q28268	Q28266	A dictionary of Luvale	a lexical-conceptual resource
MERGE	Q29001	Q29000	English-Somali, Somali-English dictionary/Ingirisi-Soomaali qaamuus Soomaali-Ingirisi	a lexical-conceptual resource
MERGE	Q29028	Q24291	Swahili-English dictionary	a lexical-conceptual resource
MERGE	Q29035	Q29034	Eyak dictionary	a lexical-conceptual resource
MERGE	Q29036	Q26956	Eyak Dictionary	a lexical-conceptual resource
MERGE	Q29043	Q29042	The new Sesotho - English dictionary	a lexical-conceptual resource
MERGE	Q29047	Q29041	Popular Northern Sotho dictionary: Northern Sotho - English, English - Northern Sotho	a lexical-conceptual resource
MERGE	Q29068	Q29067	Ga-English dictionary	a lexical-conceptual resource
MERGE	Q28878	Q28304	Nuer-English dictionary	a lexical-conceptual resource
MERGE	Q28880	Q25048	Dictionary of Arabic proverbs	a lexical-conceptual resource
MERGE	Q28892	Q28891	Lexique français-mòoré, mòoré-français	a lexical-conceptual resource
MERGE	Q28902	Q27665	Historical dictionary of Egypt	a lexical-conceptual resource
MERGE	Q28931	Q28930	Dictionary of Louisiana Creole	a lexical-conceptual resource
MERGE	Q28946	Q24639	Dictionnaire volof-français	a lexical-conceptual resource
MERGE	Q28947	Q26846	Dictionnaire wolof-français	a lexical-conceptual resource
MERGE	Q28957	Q28956	Feldaufzeichnungen zu einem tonbezeichneten Herero-Deutschen Wörterbuch	a lexical-conceptual resource
MERGE	Q29083	Q28304	Nuer-English dictionary	a lexical-conceptual resource
MERGE	Q29115	Q29114	Jukagirsko-russkij slovar\'	a lexical-conceptual resource
MERGE	Q29129	Q29128	English-Kiswahili assorted dictionary	a lexical-conceptual resource
MERGE	Q29142	Q27887	Dictionnaire français-otetela	a lexical-conceptual resource
MERGE	Q29152	Q27193	Bornholmsk Ordbog	a lexical-conceptual resource
MERGE	Q28582	Q24717	Diccionario micénico	a lexical-conceptual resource
MERGE	Q28606	Q28605	English and Burmese dictionary	a lexical-conceptual resource
MERGE	Q28608	Q27213	Burmese pocket dictionary	a lexical-conceptual resource
MERGE	Q28625	Q25056	Dicionário kimbundu-português	a lexical-conceptual resource
MERGE	Q28629	Q28628	Diccionario de la lengua guajira	a lexical-conceptual resource
MERGE	Q28770	Q24286	South African concise Oxford dictionary	a lexical-conceptual resource
MERGE	Q28788	Q24275	Dictionary of Mbay	a lexical-conceptual resource
MERGE	Q28792	Q24660	English-Somali dictionary	a lexical-conceptual resource
MERGE	Q28797	Q27451	Diccionario Chontal de Tabasco	a lexical-conceptual resource
MERGE	Q28853	Q28604	Burmese–English dictionary	a lexical-conceptual resource
MERGE	Q29183	Q29182	Dicionário e léxico Karitiâna / Português	a lexical-conceptual resource
MERGE	Q29205	Q29204	Dizionario di mitologi egizia	a lexical-conceptual resource
MERGE	Q29233	Q29232	Grammar and Vocabulary of Language Spoken by Motu Tribe (New Guinea)	a lexical-conceptual resource
MERGE	Q29234	Q29232	Grammar and Vocabulary of Language Spoken by Motu Tribe (New Guinea)	a lexical-conceptual resource
MERGE	Q29236	Q29235	Haida dictionary	a lexical-conceptual resource
MERGE	Q29238	Q26413	Oksapmin dictionary	a lexical-conceptual resource
MERGE	Q29239	Q26413	Oksapmin dictionary	a lexical-conceptual resource
MERGE	Q29240	Q26413	Oksapmin dictionary	a lexical-conceptual resource
MERGE	Q29250	Q26368	Dictionnaire ethnographique téda, précédé d\'un lexique français-téda	a lexical-conceptual resource
MERGE	Q29575	Q29574	Kamus Bahasa Tidore, Indonesia, Inggris	a lexical-conceptual resource
MERGE	Q29600	Q24423	Dinka-English dictionary	a lexical-conceptual resource
MERGE	Q29616	Q24635	Dictionnaire malgache-français	a lexical-conceptual resource
MERGE	Q29633	Q25532	Tulu-English dictionary	a lexical-conceptual resource
MERGE	Q29638	Q28791	Qaamuuska af-Soomaaliga	a lexical-conceptual resource
MERGE	Q29648	Q29647	Dicionário geographico abreviado de Portugal e suas possessões ultramarinas	a lexical-conceptual resource
MERGE	Q29652	Q29651	Lexique baatonum-français	a lexical-conceptual resource
MERGE	Q29661	Q29659	Dictionnaire français-vili	a lexical-conceptual resource
MERGE	Q29370	Q29369	Historical dictionary of Equatorial Guinea	a lexical-conceptual resource
MERGE	Q29371	Q29369	Historical dictionary of Equatorial Guinea	a lexical-conceptual resource
MERGE	Q29386	Q24839	Russko-turkmenskij slovar\'	a lexical-conceptual resource
MERGE	Q29387	Q26857	Dobu-English dictionary	a lexical-conceptual resource
MERGE	Q29405	Q27930	Historical dictionary of the Republic of Cape Verde	a lexical-conceptual resource
MERGE	Q29406	Q27371	Historical dictionary of the Republic of Guinea-Bissau	a lexical-conceptual resource
MERGE	Q29414	Q29413	KiSukuma-English dictionary	a lexical-conceptual resource
MERGE	Q29438	Q29437	Thüringisches {W}örterbuch	a lexical-conceptual resource
MERGE	Q29460	Q26111	Diccionario aymara-castellano, castellano-aymara	a lexical-conceptual resource
MERGE	Q29270	Q29269	Wörterbuch Deutsch-Swahili	a lexical-conceptual resource
MERGE	Q29271	Q29269	Wörterbuch Deutsch-Swahili	a lexical-conceptual resource
MERGE	Q29272	Q29269	Wörterbuch Deutsch-Swahili	a lexical-conceptual resource
MERGE	Q29273	Q29269	Wörterbuch Deutsch-Swahili	a lexical-conceptual resource
MERGE	Q29274	Q29269	Wörterbuch Deutsch-Swahili	a lexical-conceptual resource
MERGE	Q29276	Q24243	Dagbani-English dictionary	a lexical-conceptual resource
MERGE	Q29296	Q29295	Diccionario tojolabal-español / español tojolabal: Idioma mayance de los Altos de Chiapas	a lexical-conceptual resource
MERGE	Q29312	Q29311	Dictionary of Late Egyptian	a lexical-conceptual resource
MERGE	Q29313	Q29311	Dictionary of Late Egyptian	a lexical-conceptual resource
MERGE	Q29472	Q24659	Somali-English dictionary	a lexical-conceptual resource
MERGE	Q29473	Q24659	Somali-English dictionary	a lexical-conceptual resource
MERGE	Q29498	Q29425	Wirã ya, peamasa ya wererituri (Desano-Español) (Diccionario bilingüe de 896 palabras)	a lexical-conceptual resource
MERGE	Q29510	Q29509	Sesuto-English dictionary	a lexical-conceptual resource
MERGE	Q29511	Q29509	Sesuto-English dictionary	a lexical-conceptual resource
MERGE	Q29512	Q29509	Sesuto-English dictionary	a lexical-conceptual resource
MERGE	Q29513	Q29509	Sesuto-English dictionary	a lexical-conceptual resource
MERGE	Q29514	Q29509	Sesuto-English dictionary	a lexical-conceptual resource
MERGE	Q29516	Q24799	A Maranao dictionary	a lexical-conceptual resource
MERGE	Q29529	Q24799	A Maranao dictionary	a lexical-conceptual resource
MERGE	Q29532	Q29063	A concise Xhosa-English dictionary	a lexical-conceptual resource
MERGE	Q29536	Q29535	Campbell\'s Santali-English dictionary	a lexical-conceptual resource
MERGE	Q29539	Q29538	An English-Kafir nurses\' dictionary	a lexical-conceptual resource
MERGE	Q29543	Q28916	English-Swahili dictionary	a lexical-conceptual resource
MERGE	Q29544	Q28916	English-Swahili dictionary	a lexical-conceptual resource
MERGE	Q29545	Q24291	Swahili-English dictionary	a lexical-conceptual resource
MERGE	Q29903	Q29901	Wirangu picture dictionary	a lexical-conceptual resource
MERGE	Q29914	Q27549	Samoan Dictionary	a lexical-conceptual resource
MERGE	Q29922	Q29921	Bikol Dictionary	a lexical-conceptual resource
MERGE	Q29955	Q25072	Diccionario mapuche-español	a lexical-conceptual resource
MERGE	Q29956	Q25072	Diccionario mapuche-español	a lexical-conceptual resource
MERGE	Q29963	Q29962	Dictionnaire boulou-français, français-boulou	a lexical-conceptual resource
MERGE	Q30305	Q30303	Dictionnaire arabe-français, français-arabe: idiome tunisien	a lexical-conceptual resource
MERGE	Q30312	Q30311	Lexique ninkãre-français	a lexical-conceptual resource
MERGE	Q30332	Q25540	Chantyal dictionary and texts	a lexical-conceptual resource
MERGE	Q30347	Q24366	Nugunu provisional lexicon	a lexical-conceptual resource
MERGE	Q30361	Q25655	Kuku-Yalanji dictionary	a lexical-conceptual resource
MERGE	Q30364	Q28767	Glossary of the Multani language, or (South-Western Panjabi)	a lexical-conceptual resource
MERGE	Q29975	Q29974	Dizionario italiano-madi e madi-italiano	a lexical-conceptual resource
MERGE	Q29979	Q24963	Dictionary: English/Murrinh-Patha	a lexical-conceptual resource
MERGE	Q29995	Q25197	Dictionnaire bambara-français	a lexical-conceptual resource
MERGE	Q30013	Q30012	Gumbaynggir Dictionary and Learner\'s Grammar	a lexical-conceptual resource
MERGE	Q30045	Q30044	Historical dictionary of Botswana	a lexical-conceptual resource
MERGE	Q30061	Q27204	Dictionnaire du langage francoduala contenant tous les mots usuels	a lexical-conceptual resource
MERGE	Q29680	Q25875	Historical dictionary of Angola	a lexical-conceptual resource
MERGE	Q29684	Q29683	San Juan Pueblo Téwa Dictionary	a lexical-conceptual resource
MERGE	Q29689	Q29688	Lexique fãn-français	a lexical-conceptual resource
MERGE	Q29693	Q28040	Diccionario Miskito-Español, Español-Miskito	a lexical-conceptual resource
MERGE	Q29694	Q28040	Diccionario Miskito-Español, Español-Miskito	a lexical-conceptual resource
MERGE	Q29720	Q26155	The people\'s Garifuna dictionary	a lexical-conceptual resource
MERGE	Q29728	Q29727	Čečensko-Russko-slovar\'	a lexical-conceptual resource
MERGE	Q29733	Q25467	Kamus Muna-Indonesia	a lexical-conceptual resource
MERGE	Q29744	Q25897	Setswana-English-Setswana dictionary	a lexical-conceptual resource
MERGE	Q29754	Q29753	Diccionario bilingüe Muinane-Español, Español-Muinane	a lexical-conceptual resource
MERGE	Q29762	Q24492	Sheng-English dictionary: deciphering East Africa\'s underworld language	a lexical-conceptual resource
MERGE	Q29763	Q24492	Sheng-English dictionary: deciphering East Africa\'s underworld language	a lexical-conceptual resource
MERGE	Q29768	Q28563	Boko dictionary	a lexical-conceptual resource
MERGE	Q30375	Q29118	Historical dictionary of Tanzania	a lexical-conceptual resource
MERGE	Q30377	Q28367	Igbo-English dictionary	a lexical-conceptual resource
MERGE	Q30382	Q29752	Historical dictionary of Kenya	a lexical-conceptual resource
MERGE	Q30406	Q28342	Dictionnaire français-kabyle	a lexical-conceptual resource
MERGE	Q30425	Q26340	Luo-English dictionary	a lexical-conceptual resource
MERGE	Q30426	Q26340	Luo-English dictionary	a lexical-conceptual resource
MERGE	Q30431	Q30430	Vocabulario quichua del Oriente del Ecuador	a lexical-conceptual resource
MERGE	Q30432	Q27812	Diccionario castellano-guaraní/guaraní-castellano sintáctico, fraseológico, ideológico	a lexical-conceptual resource
MERGE	Q30444	Q30443	Somali-English dictionary with English index	a lexical-conceptual resource
MERGE	Q30453	Q30452	Diccionario guaraní-español y español guaraní	a lexical-conceptual resource
MERGE	Q30458	Q25172	Historical dictionary of Guinea	a lexical-conceptual resource
MERGE	Q30459	Q25172	Historical dictionary of Guinea	a lexical-conceptual resource
MERGE	Q30466	Q30465	Diccionario tacana-castellano, castellano-tacana	a lexical-conceptual resource
MERGE	Q31692	Q31690	Diccionario quechua: ayacucho-chanca	a lexical-conceptual resource
MERGE	Q31701	Q31700	Wörterbuch des Dialekts der deutschen Zigeuner	a lexical-conceptual resource
MERGE	Q31703	Q31702	Bari-English-Italian dictionary	a lexical-conceptual resource
MERGE	Q31720	Q27892	Historical dictionary of Libya	a lexical-conceptual resource
MERGE	Q31721	Q27892	Historical dictionary of Libya	a lexical-conceptual resource
MERGE	Q31734	Q31733	Suggestions for a grammar of Bangala	a lexical-conceptual resource
MERGE	Q31768	Q26166	Nyiyaparli 2004 interim dictionary and finderlists	a lexical-conceptual resource
MERGE	Q30798	Q30797	Dictionnaire arabe-français: langue et culture marocaine	a lexical-conceptual resource
MERGE	Q30824	Q29455	A Bruu-Thai-English dictionary	a lexical-conceptual resource
MERGE	Q30856	Q26244	Diccionario boruca-español, español-boruca	a lexical-conceptual resource
MERGE	Q30858	Q30857	Diccionario quechua Cajamarca-Cañaris	a lexical-conceptual resource
MERGE	Q30868	Q30867	Osage Dictionary	a lexical-conceptual resource
MERGE	Q30080	Q27236	Kamus lengkap Bahasa Indonesia	a lexical-conceptual resource
MERGE	Q30082	Q30081	Dictionnaire mbala-français	a lexical-conceptual resource
MERGE	Q30094	Q26135	Historical dictionary of Somalia	a lexical-conceptual resource
MERGE	Q30107	Q28322	Nandi-English dictionary	a lexical-conceptual resource
MERGE	Q30108	Q28322	Nandi-English dictionary	a lexical-conceptual resource
MERGE	Q30148	Q30147	Mgombato: Digo-English-Swahili dictionary	a lexical-conceptual resource
MERGE	Q30149	Q30147	Mgombato: Digo-English-Swahili dictionary	a lexical-conceptual resource
MERGE	Q30155	Q24769	Kenyan Sign Language Dictionary	a lexical-conceptual resource
MERGE	Q30166	Q28867	Ujgursko-russkij slovar\'	a lexical-conceptual resource
MERGE	Q30880	Q26560	Visayan-English dictionary	a lexical-conceptual resource
MERGE	Q30887	Q30886	Dictionnaire français-soso et soso-français	a lexical-conceptual resource
MERGE	Q30897	Q24495	Sora-English dictionary	a lexical-conceptual resource
MERGE	Q30906	Q30905	A Fala Tukano dos Ye\'pâ-Masa	a lexical-conceptual resource
MERGE	Q30912	Q27617	Korku-Hindi-English dictionary	a lexical-conceptual resource
MERGE	Q30921	Q30920	Dictionary of southern African place names	a lexical-conceptual resource
MERGE	Q30934	Q30933	Historical dictionary of Zimbabwe	a lexical-conceptual resource
MERGE	Q30942	Q30941	Dictionnaire français-fon	a lexical-conceptual resource
MERGE	Q30959	Q29024	Dictionary of the Kiniassa language	a lexical-conceptual resource
MERGE	Q30960	Q27141	Lingala-English dictionary	a lexical-conceptual resource
MERGE	Q30961	Q24291	Swahili-English dictionary	a lexical-conceptual resource
MERGE	Q29769	Q28564	Bokobaru dictionary	a lexical-conceptual resource
MERGE	Q29770	Q28565	Busa dictionary	a lexical-conceptual resource
MERGE	Q29783	Q29781	Historical dictionary of Ghana	a lexical-conceptual resource
MERGE	Q29785	Q29523	Macquarie Aboriginal words: a dictionary of words from Australian Aboriginal and Torres Strait Islander languages	a lexical-conceptual resource
MERGE	Q29798	Q29063	A concise Xhosa-English dictionary	a lexical-conceptual resource
MERGE	Q29823	Q29822	Dictionnaire buli-français	a lexical-conceptual resource
MERGE	Q29857	Q29856	A dictionary of the Isubu language	a lexical-conceptual resource
MERGE	Q31274	Q25713	Dictionnaire français-kirundi	a lexical-conceptual resource
MERGE	Q31275	Q25713	Dictionnaire français-kirundi	a lexical-conceptual resource
MERGE	Q31281	Q27370	Kapampangan Dictionary	a lexical-conceptual resource
MERGE	Q31290	Q31289	A dictionary of the Yao language	a lexical-conceptual resource
MERGE	Q31315	Q31314	The Anglo-Manipuri dictionary	a lexical-conceptual resource
MERGE	Q31328	Q26377	A first dictionary of Rembarrnga	a lexical-conceptual resource
MERGE	Q31331	Q31330	Historical dictionary of South Africa	a lexical-conceptual resource
MERGE	Q31822	Q31821	Diccionario zapoteco de Mitla, Oaxaca	a lexical-conceptual resource
MERGE	Q31827	Q25331	Xakassko-russkij slovar\'	a lexical-conceptual resource
MERGE	Q30982	Q24928	The Thai Sign Language Dictionary	a lexical-conceptual resource
MERGE	Q31977	Q27614	A Dictionary of the Kalispel or Flat-head Indian Language	a lexical-conceptual resource
MERGE	Q31982	Q27911	Ngarluma-English dictionary: a compilation of files produced from Ken Hale\'s fieldnotes	a lexical-conceptual resource
MERGE	Q32017	Q27494	Oromo-English dictionary	a lexical-conceptual resource
MERGE	Q32020	Q32019	Koptische Dialektgrammatik mit Lesestücken und Wörterbuch	a lexical-conceptual resource
MERGE	Q32022	Q32021	Koptische Grammatik, mit Lesestücken und Wörterbuch	a lexical-conceptual resource
MERGE	Q32029	Q24365	English-Ndonga dictionary	a lexical-conceptual resource
MERGE	Q32033	Q32031	Bali-Wörterbuch (Kamerun)	a lexical-conceptual resource
MERGE	Q32034	Q32032	Mungaka (Bali) dictionary	a lexical-conceptual resource
MERGE	Q32045	Q32044	Shimikunata asirtachik killka inka-kastellanu (Diccionario inga-castellano)	a lexical-conceptual resource
MERGE	Q32062	Q32060	Dictionnaire peul de l\'agriculture et de la nature (Cameroun)	a lexical-conceptual resource
MERGE	Q30472	Q28808	Lexique spécialisé en santé: mòoré-français, français-mòoré	a lexical-conceptual resource
MERGE	Q30475	Q30474	Lexique gulmancema-français	a lexical-conceptual resource
MERGE	Q30476	Q30474	Lexique gulmancema-français	a lexical-conceptual resource
MERGE	Q30480	Q29781	Historical dictionary of Ghana	a lexical-conceptual resource
MERGE	Q30481	Q29459	Historical dictionary of Nigeria	a lexical-conceptual resource
MERGE	Q30491	Q28546	Diccionario básico del mixteco de Xochapa, Guerrero	a lexical-conceptual resource
MERGE	Q30492	Q28546	Diccionario básico del mixteco de Xochapa, Guerrero	a lexical-conceptual resource
MERGE	Q30503	Q25540	Chantyal dictionary and texts	a lexical-conceptual resource
MERGE	Q30511	Q29753	Diccionario bilingüe Muinane-Español, Español-Muinane	a lexical-conceptual resource
MERGE	Q30512	Q29497	Dictionnaire démé (Tchad)	a lexical-conceptual resource
MERGE	Q30546	Q28500	Grammaire et dictionnaire abrégés de la langue berbère	a lexical-conceptual resource
MERGE	Q30550	Q30549	Diccionario quechua: San Martín	a lexical-conceptual resource
MERGE	Q30551	Q31708	Historical dictionary of Morocco	a lexical-conceptual resource
MERGE	Q30566	Q29876	A new English-Sindhi dictionary	a lexical-conceptual resource
MERGE	Q30175	Q30163	Lexique isangu-français (inédit)	a lexical-conceptual resource
MERGE	Q30254	Q25289	Chambers-Macmillan South African dictionary junior primary illustrated	a lexical-conceptual resource
MERGE	Q31470	Q31056	Historical dictionary of Mauritius	a lexical-conceptual resource
MERGE	Q31523	Q30820	Historical dictionary of Ethiopia	a lexical-conceptual resource
MERGE	Q32170	Q24507	Wollof-English dictionary	a lexical-conceptual resource
MERGE	Q32172	Q29775	Baruya-Pisin-English dictionary	a lexical-conceptual resource
MERGE	Q32184	Q24676	Baškirsko-Russkij Slovar\'	a lexical-conceptual resource
MERGE	Q32227	Q24680	Dictionnaire kitabwa-français et français-kitabwa	a lexical-conceptual resource
MERGE	Q32262	Q32261	A magyar cigány nyelvjárások szótára	a lexical-conceptual resource
MERGE	Q32267	Q32266	Vocabulario orejón	a lexical-conceptual resource
MERGE	Q31187	Q31186	Diccionario chinanteco de San Juan Lealao Oaxaca	a lexical-conceptual resource
MERGE	Q31191	Q31190	Dictionary of the Lomongo language: Lomongo-English-French, English-Lomongo	a lexical-conceptual resource
MERGE	Q31196	Q31195	Deutsch-Nama Wörterbuch	a lexical-conceptual resource
MERGE	Q31199	Q31198	Deutsch-Nama Wörterbuch (unpubliziertes Manuskript)	a lexical-conceptual resource
MERGE	Q31223	Q29298	Dictionnaire swahili-français	a lexical-conceptual resource
MERGE	Q31224	Q31222	Dictionnaire français-swahili	a lexical-conceptual resource
MERGE	Q31230	Q25940	Dictionnaire karaboro-français et français-karaboro	a lexical-conceptual resource
MERGE	Q31232	Q31231	Kamus bahasa gaul	a lexical-conceptual resource
MERGE	Q31241	Q31240	Nihongo-Mongo jiten	a lexical-conceptual resource
MERGE	Q31246	Q31245	Ganjineh-ye guyeššenāsi-ye Fārs	a lexical-conceptual resource
MERGE	Q31247	Q31245	Ganjineh-ye guyeššenāsi-ye Fārs	a lexical-conceptual resource
MERGE	Q31248	Q31245	Ganjineh-ye guyeššenāsi-ye Fārs	a lexical-conceptual resource
MERGE	Q31249	Q31245	Ganjineh-ye guyeššenāsi-ye Fārs	a lexical-conceptual resource
MERGE	Q31257	Q31256	A pocket dictionary of the spoken Arabic of Cairo: English-Arabic	a lexical-conceptual resource
MERGE	Q31258	Q31256	A pocket dictionary of the spoken Arabic of Cairo: English-Arabic	a lexical-conceptual resource
MERGE	Q31268	Q31681	Jazyk Ruk	a lexical-conceptual resource
MERGE	Q32479	Q32478	Lule-Lappisches Wörterbuch	a lexical-conceptual resource
MERGE	Q32482	Q25546	A Rhodesian botanical dictionary of African and English plant names	a lexical-conceptual resource
MERGE	Q32493	Q32492	A dictionary of the Maori language	a lexical-conceptual resource
MERGE	Q32509	Q32508	Dicionário prático, português-umbundo	a lexical-conceptual resource
MERGE	Q32519	Q31488	Dictionary of Anthropology	a lexical-conceptual resource
MERGE	Q32563	Q32562	Deutsch-negerenglisches Wörterbuch	a lexical-conceptual resource
MERGE	Q32575	Q27943	Tabasaransko-russkij slovar\': saki 25 000 gaf a	a lexical-conceptual resource
MERGE	Q32625	Q28406	Russko-darginskij slovar\'	a lexical-conceptual resource
MERGE	Q32660	Q32659	Dictionary Pocomam Oriental	a lexical-conceptual resource
MERGE	Q31398	Q24649	Dictionary of the Hausa language	a lexical-conceptual resource
MERGE	Q31418	Q24694	Ngizim-English-Hausa dictionary	a lexical-conceptual resource
MERGE	Q31428	Q31427	Basaa-English dictionary	a lexical-conceptual resource
MERGE	Q31436	Q28147	Dictionary of the Nyanja language: being the encyclopaedic dictionary of the Mang\'anja language	a lexical-conceptual resource
MERGE	Q31443	Q30238	Pocket Shona dictionary	a lexical-conceptual resource
MERGE	Q31448	Q30815	Hopi Dictionary	a lexical-conceptual resource
MERGE	Q31461	Q30940	Dictionnaire fon-français	a lexical-conceptual resource
MERGE	Q31875	Q28109	Turystyczny słownik języka migowego	a lexical-conceptual resource
MERGE	Q31878	Q27116	Russko-Abazinskij Slovar\'	a lexical-conceptual resource
MERGE	Q31888	Q31887	Dictionnaire hassâniyya-français, dialecte arabe de Mauretanie	a lexical-conceptual resource
MERGE	Q31896	Q31895	Romanized English-Japanese Japanese-English Dictionary	a lexical-conceptual resource
MERGE	Q31899	Q31898	Slovar\' Nivxsko-russkij i Russko-Nivxskij: Okolo 4000 slov	a lexical-conceptual resource
MERGE	Q31913	Q24461	Diccionario Inga	a lexical-conceptual resource
MERGE	Q31947	Q26750	Nyungar. In Thieberger, Nick and McGregor, William (eds). Macquarie Aboriginal Words: a dictionary of words from Australian Aboriginal and Torres Strait Islander languages. pp. 173-192	a lexical-conceptual resource
MERGE	Q31951	Q31950	Dictionnaire arabe-français (maroc)	a lexical-conceptual resource
MERGE	Q31955	Q30523	Tuvinsko-Russkij Slovar\'	a lexical-conceptual resource
MERGE	Q31958	Q31957	Nenetsko-russkij slovar\'	a lexical-conceptual resource
MERGE	Q31959	Q31957	Nenetsko-russkij slovar\'	a lexical-conceptual resource
MERGE	Q31963	Q31956	Karbi Lamarjong	a lexical-conceptual resource
MERGE	Q31965	Q31964	English-Tiv dictionary	a lexical-conceptual resource
MERGE	Q32070	Q32069	A !Xóõ Dictionary	a lexical-conceptual resource
MERGE	Q32075	Q32074	A dictionary of grammatical terms in linguistics	a lexical-conceptual resource
MERGE	Q32076	Q25032	The dictionary of historical and comparative linguistics	a lexical-conceptual resource
MERGE	Q32080	Q32079	Petit dictionnaire français-bambara et bambara-français	a lexical-conceptual resource
MERGE	Q32096	Q32095	The Sydney language	a lexical-conceptual resource
MERGE	Q32101	Q29500	Comparative Austronesian Dictionary	a lexical-conceptual resource
MERGE	Q32119	Q32118	English-Swahili dictionary/Kamusi ya kiingereza-kiswahili	a lexical-conceptual resource
MERGE	Q32122	Q32121	Kamusi ya kiswahili sanifu [Dictionary of Standard Swahili]	a lexical-conceptual resource
MERGE	Q32125	Q32124	Anuak dictionary	a lexical-conceptual resource
MERGE	Q32128	Q32127	Dictionnaire français-kinyamwezi	a lexical-conceptual resource
MERGE	Q32135	Q32134	A comparative dictionary of the Indo-Aryan languages	a lexical-conceptual resource
MERGE	Q32138	Q31877	Kwanyama-English dictionary	a lexical-conceptual resource
MERGE	Q32142	Q31498	Adygejsko-Russkij Slovar\'	a lexical-conceptual resource
MERGE	Q32145	Q31478	Marijsko-russkij slovar\'	a lexical-conceptual resource
MERGE	Q32168	Q29585	Vocabolario del dialetto bolognese	a lexical-conceptual resource
MERGE	Q32279	Q32278	Kamus Manggarai: Manggarai-Indonesia & Indonesia-Manggarai	a lexical-conceptual resource
MERGE	Q32280	Q32278	Kamus Manggarai: Manggarai-Indonesia & Indonesia-Manggarai	a lexical-conceptual resource
MERGE	Q32284	Q27610	Dictionnaire français-kiluba	a lexical-conceptual resource
MERGE	Q32286	Q32488	Dictionnaire français-tshiluba	a lexical-conceptual resource
MERGE	Q32294	Q32293	Petit dictionnaire français-lwena, lwena-français	a lexical-conceptual resource
MERGE	Q32315	Q29442	Dictionnaire français-fiote, dialecte du Kakongo	a lexical-conceptual resource
MERGE	Q32330	Q27348	Historical dictionary of the Sudan	a lexical-conceptual resource
MERGE	Q32345	Q24982	Central Carrier bilingual dictionary	a lexical-conceptual resource
MERGE	Q32346	Q24783	English-Amharic dictionary	a lexical-conceptual resource
MERGE	Q32368	Q26162	Thalanyji dictionary : English-Thalanyji wordlist and topical wordlists 2008	a lexical-conceptual resource
MERGE	Q30670	Q24259	Russko-suakhili slovar\'	a lexical-conceptual resource
MERGE	Q30703	Q30092	Kamus bahasa Melayu Ambon-Indonesia	a lexical-conceptual resource
MERGE	Q30724	Q31378	Wintu dictionary	a lexical-conceptual resource
MERGE	Q30725	Q31378	Wintu dictionary	a lexical-conceptual resource
MERGE	Q30728	Q30726	Diccionario araona y castellano	a lexical-conceptual resource
MERGE	Q30736	Q28287	Cantonese Dictionary	a lexical-conceptual resource
MERGE	Q30737	Q24556	Kamus umum bahasa Indonesia	a lexical-conceptual resource
MERGE	Q30738	Q24556	Kamus umum bahasa Indonesia	a lexical-conceptual resource
MERGE	Q30739	Q24556	Kamus umum bahasa Indonesia	a lexical-conceptual resource
MERGE	Q30740	Q24556	Kamus umum bahasa Indonesia	a lexical-conceptual resource
MERGE	Q30751	Q30750	Paiute-English English-Paiute Dictionary	a lexical-conceptual resource
MERGE	Q30752	Q26687	Dictionnaire arabe tchadien-français, suivi d\'un index français-arabe et d\'un index des racines arabes	a lexical-conceptual resource
MERGE	Q30766	Q31559	Kazakh - English dictionary	a lexical-conceptual resource
MERGE	Q31589	Q31588	Le dictionnaire Colin d\'arabe dialectal marocain	a lexical-conceptual resource
MERGE	Q31613	Q31612	Diccionario Chinanteco de San Felipe Usila, Oaxaca	a lexical-conceptual resource
MERGE	Q31615	Q31614	Kamus na Turanci da Hausa: babban ja-gora ga Turanci = English-Hausa dictionary: an important guide to English	a lexical-conceptual resource
MERGE	Q31639	Q31638	A compendious Syriac dictionary: founded upon the Thesaurus Syriacus of R. Payne Smith	a lexical-conceptual resource
MERGE	Q31641	Q31640	A concise Coptic-English dictionary	a lexical-conceptual resource
MERGE	Q31659	Q30129	Luganda-English dictionary	a lexical-conceptual resource
MERGE	Q31666	Q31665	Kamus bahasa Belanda-Indonesia	a lexical-conceptual resource
MERGE	Q30574	Q27141	Lingala-English dictionary	a lexical-conceptual resource
MERGE	Q30588	Q27784	Deutsches Wörterbuch	a lexical-conceptual resource
MERGE	Q30592	Q27786	Vaxanskij jazyk	a lexical-conceptual resource
MERGE	Q30596	Q30595	A dictionary of the Grebo language	a lexical-conceptual resource
MERGE	Q30599	Q27580	Historical dictionary of Mauritania	a lexical-conceptual resource
MERGE	Q30602	Q24479	Mandinka English dictionary	a lexical-conceptual resource
MERGE	Q30616	Q30615	A practical Ndebele dictionary	a lexical-conceptual resource
MERGE	Q30634	Q30633	Russko-udmurtskij slovar\': okolo 40000 slov ; s prilozeniem kratkogo ocerka grammatiki udmurtskogo jazyka	a lexical-conceptual resource
MERGE	Q30643	Q30642	Historical dictionary of Tunisia	a lexical-conceptual resource
MERGE	Q30648	Q30647	Perrin\'s English-Zulu dictionary	a lexical-conceptual resource
MERGE	Q30649	Q30647	Perrin\'s English-Zulu dictionary	a lexical-conceptual resource
MERGE	Q30650	Q30647	Perrin\'s English-Zulu dictionary	a lexical-conceptual resource
MERGE	Q30655	Q24386	Zigua-English dictionary	a lexical-conceptual resource
MERGE	Q30656	Q24386	Zigua-English dictionary	a lexical-conceptual resource
MERGE	Q32380	Q32379	Tobabataksch-Deutsches Wörterbuch	a lexical-conceptual resource
MERGE	Q32384	Q32383	A shorter English-Nepali dictionary	a lexical-conceptual resource
MERGE	Q32389	Q28562	A Roviana and English Dictionary	a lexical-conceptual resource
MERGE	Q32398	Q30889	Dictionnaire français-malgache	a lexical-conceptual resource
MERGE	Q32403	Q32402	Boran dictionary	a lexical-conceptual resource
MERGE	Q32409	Q32408	A dictionary of modern written Arabic	a lexical-conceptual resource
MERGE	Q32410	Q32408	A dictionary of modern written Arabic	a lexical-conceptual resource
MERGE	Q32411	Q32408	A dictionary of modern written Arabic	a lexical-conceptual resource
MERGE	Q32416	Q27103	Historical dictionary of Burundi	a lexical-conceptual resource
MERGE	Q32435	Q32434	Gbesela or English-Ewe dictionary	a lexical-conceptual resource
MERGE	Q32453	Q32452	Noongar dictionary	a lexical-conceptual resource
MERGE	Q31070	Q31069	English-Zulu dictionary	a lexical-conceptual resource
MERGE	Q31071	Q31069	English-Zulu dictionary	a lexical-conceptual resource
MERGE	Q31072	Q31069	English-Zulu dictionary	a lexical-conceptual resource
MERGE	Q31073	Q31069	English-Zulu dictionary	a lexical-conceptual resource
MERGE	Q31075	Q24298	Bemba-English dictionary	a lexical-conceptual resource
MERGE	Q31078	Q24649	Dictionary of the Hausa language	a lexical-conceptual resource
MERGE	Q31079	Q24649	Dictionary of the Hausa language	a lexical-conceptual resource
MERGE	Q31080	Q24649	Dictionary of the Hausa language	a lexical-conceptual resource
MERGE	Q31081	Q24649	Dictionary of the Hausa language	a lexical-conceptual resource
MERGE	Q31082	Q24372	Petit lexique gunu-français	a lexical-conceptual resource
MERGE	Q31085	Q28264	Javanese-English Dictionary	a lexical-conceptual resource
MERGE	Q31099	Q31098	Ägyptisch: praktische Einführung [...] mit Lesestücken und Wörterbuch	a lexical-conceptual resource
MERGE	Q31112	Q25210	Mansijsko-Russkij Slovar\'	a lexical-conceptual resource
MERGE	Q31119	Q31118	Wörterbuch Suaheli-Deutsch, Deutsch-Suaheli	a lexical-conceptual resource
MERGE	Q31135	Q31134	A Basic Kenyan Sign Dictionary: English/Kiswahili	a lexical-conceptual resource
MERGE	Q31147	Q28706	A short dictionary of Isaalang	a lexical-conceptual resource
MERGE	Q32672	Q27461	Dictionnaire peul-français	a lexical-conceptual resource
MERGE	Q33410	Q33409	Hiztegi Batua	a lexical-conceptual resource
MERGE	Q33419	Q33418	Euskal Hiztegi Modernoa	a lexical-conceptual resource
MERGE	Q33422	Q33421	Elhuyar hiztegia: euskara-gaztelania, castellano-vasco	a lexical-conceptual resource
MERGE	Q33423	Q33421	Elhuyar hiztegia: euskara-gaztelania, castellano-vasco	a lexical-conceptual resource
MERGE	Q33489	Q33417	Euskal Hiztegia	a lexical-conceptual resource
MERGE	Q33490	Q33417	Euskal Hiztegia	a lexical-conceptual resource
MERGE	Q33513	Q33497	Iztegi erdera-euskera	a lexical-conceptual resource
