27-12-22 12:24:24 - WARNING - Subscribe to the mediawiki-api-announce mailing list at <https://lists.wikimedia.org/postorius/lists/mediawiki-api-announce.lists.wikimedia.org/> for notice of API deprecations and breaking changes.
27-12-22 12:24:24 - WARNING - Main-account login via "action=login" is deprecated and may stop working without warning. To continue login with "action=login", see [[Special:BotPasswords]]. To safely continue using main-account login, see "action=clientlogin".
27-12-22 12:26:42 - WARNING - Received 502 response: <html>
<head><title>502 Bad Gateway</title></head>
<body>
<center><h1>502 Bad Gateway</h1></center>
<hr><center>nginx</center>
</body>
</html>
. Retrying in a moment.
27-12-22 12:46:51 - WARNING - Received 502 response: <html>
<head><title>502 Bad Gateway</title></head>
<body>
<center><h1>502 Bad Gateway</h1></center>
<hr><center>nginx</center>
</body>
</html>
. Retrying in a moment.
27-12-22 12:53:55 - WARNING - Received 502 response: <html>
<head><title>502 Bad Gateway</title></head>
<body>
<center><h1>502 Bad Gateway</h1></center>
<hr><center>nginx</center>
</body>
</html>
. Retrying in a moment.
27-12-22 12:54:20 - WARNING - Received 502 response: <html>
<head><title>502 Bad Gateway</title></head>
<body>
<center><h1>502 Bad Gateway</h1></center>
<hr><center>nginx</center>
</body>
</html>
. Retrying in a moment.
27-12-22 13:00:28 - WARNING - Received 502 response: <html>
<head><title>502 Bad Gateway</title></head>
<body>
<center><h1>502 Bad Gateway</h1></center>
<hr><center>nginx</center>
</body>
</html>
. Retrying in a moment.
27-12-22 13:08:12 - WARNING - Received 502 response: <html>
<head><title>502 Bad Gateway</title></head>
<body>
<center><h1>502 Bad Gateway</h1></center>
<hr><center>nginx</center>
</body>
</html>
. Retrying in a moment.
27-12-22 13:10:24 - WARNING - Received 502 response: <html>
<head><title>502 Bad Gateway</title></head>
<body>
<center><h1>502 Bad Gateway</h1></center>
<hr><center>nginx</center>
</body>
</html>
. Retrying in a moment.
27-12-22 13:13:48 - WARNING - Received 502 response: <html>
<head><title>502 Bad Gateway</title></head>
<body>
<center><h1>502 Bad Gateway</h1></center>
<hr><center>nginx</center>
</body>
</html>
. Retrying in a moment.
27-12-22 13:20:29 - WARNING - Received 502 response: <html>
<head><title>502 Bad Gateway</title></head>
<body>
<center><h1>502 Bad Gateway</h1></center>
<hr><center>nginx</center>
</body>
</html>
. Retrying in a moment.
27-12-22 13:26:49 - WARNING - Received 502 response: <html>
<head><title>502 Bad Gateway</title></head>
<body>
<center><h1>502 Bad Gateway</h1></center>
<hr><center>nginx</center>
</body>
</html>
. Retrying in a moment.
27-12-22 13:29:09 - WARNING - Received 502 response: <html>
<head><title>502 Bad Gateway</title></head>
<body>
<center><h1>502 Bad Gateway</h1></center>
<hr><center>nginx</center>
</body>
</html>
. Retrying in a moment.
27-12-22 13:31:37 - WARNING - Received 502 response: <html>
<head><title>502 Bad Gateway</title></head>
<body>
<center><h1>502 Bad Gateway</h1></center>
<hr><center>nginx</center>
</body>
</html>
. Retrying in a moment.
27-12-22 13:42:12 - WARNING - Received 502 response: <html>
<head><title>502 Bad Gateway</title></head>
<body>
<center><h1>502 Bad Gateway</h1></center>
<hr><center>nginx</center>
</body>
</html>
. Retrying in a moment.
27-12-22 13:47:04 - WARNING - Received 502 response: <html>
<head><title>502 Bad Gateway</title></head>
<body>
<center><h1>502 Bad Gateway</h1></center>
<hr><center>nginx</center>
</body>
</html>
. Retrying in a moment.
27-12-22 13:52:08 - WARNING - Received 502 response: <html>
<head><title>502 Bad Gateway</title></head>
<body>
<center><h1>502 Bad Gateway</h1></center>
<hr><center>nginx</center>
</body>
</html>
. Retrying in a moment.
27-12-22 13:53:10 - WARNING - Received 502 response: <html>
<head><title>502 Bad Gateway</title></head>
<body>
<center><h1>502 Bad Gateway</h1></center>
<hr><center>nginx</center>
</body>
</html>
. Retrying in a moment.
27-12-22 14:08:50 - WARNING - Received 502 response: <html>
<head><title>502 Bad Gateway</title></head>
<body>
<center><h1>502 Bad Gateway</h1></center>
<hr><center>nginx</center>
</body>
</html>
. Retrying in a moment.
27-12-22 14:13:38 - WARNING - Received 502 response: <html>
<head><title>502 Bad Gateway</title></head>
<body>
<center><h1>502 Bad Gateway</h1></center>
<hr><center>nginx</center>
</body>
</html>
. Retrying in a moment.
27-12-22 14:14:38 - WARNING - Received 502 response: <html>
<head><title>502 Bad Gateway</title></head>
<body>
<center><h1>502 Bad Gateway</h1></center>
<hr><center>nginx</center>
</body>
</html>
. Retrying in a moment.
27-12-22 14:21:24 - WARNING - Received 502 response: <html>
<head><title>502 Bad Gateway</title></head>
<body>
<center><h1>502 Bad Gateway</h1></center>
<hr><center>nginx</center>
</body>
</html>
. Retrying in a moment.
27-12-22 14:23:56 - WARNING - Received 502 response: <html>
<head><title>502 Bad Gateway</title></head>
<body>
<center><h1>502 Bad Gateway</h1></center>
<hr><center>nginx</center>
</body>
</html>
. Retrying in a moment.
27-12-22 14:25:00 - WARNING - Received 502 response: <html>
<head><title>502 Bad Gateway</title></head>
<body>
<center><h1>502 Bad Gateway</h1></center>
<hr><center>nginx</center>
</body>
</html>
. Retrying in a moment.
27-12-22 14:27:50 - WARNING - Received 502 response: <html>
<head><title>502 Bad Gateway</title></head>
<body>
<center><h1>502 Bad Gateway</h1></center>
<hr><center>nginx</center>
</body>
</html>
. Retrying in a moment.
27-12-22 14:32:01 - WARNING - Received 502 response: <html>
<head><title>502 Bad Gateway</title></head>
<body>
<center><h1>502 Bad Gateway</h1></center>
<hr><center>nginx</center>
</body>
</html>
. Retrying in a moment.
27-12-22 14:34:07 - WARNING - Received 502 response: <html>
<head><title>502 Bad Gateway</title></head>
<body>
<center><h1>502 Bad Gateway</h1></center>
<hr><center>nginx</center>
</body>
</html>
. Retrying in a moment.
27-12-22 14:54:22 - WARNING - Received 502 response: <html>
<head><title>502 Bad Gateway</title></head>
<body>
<center><h1>502 Bad Gateway</h1></center>
<hr><center>nginx</center>
</body>
</html>
. Retrying in a moment.
27-12-22 15:00:42 - WARNING - Received 502 response: <html>
<head><title>502 Bad Gateway</title></head>
<body>
<center><h1>502 Bad Gateway</h1></center>
<hr><center>nginx</center>
</body>
</html>
. Retrying in a moment.
27-12-22 15:05:55 - WARNING - Received 502 response: <html>
<head><title>502 Bad Gateway</title></head>
<body>
<center><h1>502 Bad Gateway</h1></center>
<hr><center>nginx</center>
</body>
</html>
. Retrying in a moment.
27-12-22 15:06:01 - WARNING - Received 502 response: <html>
<head><title>502 Bad Gateway</title></head>
<body>
<center><h1>502 Bad Gateway</h1></center>
<hr><center>nginx</center>
</body>
</html>
. Retrying in a moment.
27-12-22 15:06:03 - WARNING - Received 502 response: <html>
<head><title>502 Bad Gateway</title></head>
<body>
<center><h1>502 Bad Gateway</h1></center>
<hr><center>nginx</center>
</body>
</html>
. Retrying in a moment.
27-12-22 15:13:27 - ERROR - Claim creation L27884-S1 (P9) L23673-S1 failed, will try again...
Traceback (most recent call last):
  File "/home/david/GitHub/wikibase/kurdish/kwb.py", line 932, in updateclaim
    request = site.post('wbcreateclaim', token=token, entity=s, property=p, snaktype="value", value=value, bot=1)
  File "/home/david/GitHub/wikibase/wbienv/lib/python3.10/site-packages/mwclient/client.py", line 245, in post
    return self.api(action, 'POST', *args, **kwargs)
  File "/home/david/GitHub/wikibase/wbienv/lib/python3.10/site-packages/mwclient/client.py", line 285, in api
    info = self.raw_api(action, http_method, **kwargs)
  File "/home/david/GitHub/wikibase/wbienv/lib/python3.10/site-packages/mwclient/client.py", line 437, in raw_api
    res = self.raw_call('api', data, retry_on_error=retry_on_error,
  File "/home/david/GitHub/wikibase/wbienv/lib/python3.10/site-packages/mwclient/client.py", line 409, in raw_call
    stream.raise_for_status()
  File "/home/david/GitHub/wikibase/wbienv/lib/python3.10/site-packages/requests/models.py", line 1021, in raise_for_status
    raise HTTPError(http_error_msg, response=self)
requests.exceptions.HTTPError: 404 Client Error: Not Found for url: https://kurdish.wikibase.cloud/w/api.php
27-12-22 15:14:08 - WARNING - Received 502 response: <html>
<head><title>502 Bad Gateway</title></head>
<body>
<center><h1>502 Bad Gateway</h1></center>
<hr><center>nginx</center>
</body>
</html>
. Retrying in a moment.
27-12-22 15:15:39 - WARNING - Received 502 response: <html>
<head><title>502 Bad Gateway</title></head>
<body>
<center><h1>502 Bad Gateway</h1></center>
<hr><center>nginx</center>
</body>
</html>
. Retrying in a moment.
27-12-22 15:17:57 - WARNING - Received 502 response: <html>
<head><title>502 Bad Gateway</title></head>
<body>
<center><h1>502 Bad Gateway</h1></center>
<hr><center>nginx</center>
</body>
</html>
. Retrying in a moment.
27-12-22 15:21:03 - WARNING - Received 502 response: <html>
<head><title>502 Bad Gateway</title></head>
<body>
<center><h1>502 Bad Gateway</h1></center>
<hr><center>nginx</center>
</body>
</html>
. Retrying in a moment.
27-12-22 15:24:48 - WARNING - Received 502 response: <html>
<head><title>502 Bad Gateway</title></head>
<body>
<center><h1>502 Bad Gateway</h1></center>
<hr><center>nginx</center>
</body>
</html>
. Retrying in a moment.
27-12-22 15:32:52 - WARNING - Received 502 response: <html>
<head><title>502 Bad Gateway</title></head>
<body>
<center><h1>502 Bad Gateway</h1></center>
<hr><center>nginx</center>
</body>
</html>
. Retrying in a moment.
27-12-22 15:36:23 - WARNING - Received 502 response: <html>
<head><title>502 Bad Gateway</title></head>
<body>
<center><h1>502 Bad Gateway</h1></center>
<hr><center>nginx</center>
</body>
</html>
. Retrying in a moment.
27-12-22 15:52:16 - WARNING - Subscribe to the mediawiki-api-announce mailing list at <https://lists.wikimedia.org/postorius/lists/mediawiki-api-announce.lists.wikimedia.org/> for notice of API deprecations and breaking changes.
27-12-22 15:52:16 - WARNING - Main-account login via "action=login" is deprecated and may stop working without warning. To continue login with "action=login", see [[Special:BotPasswords]]. To safely continue using main-account login, see "action=clientlogin".
27-12-22 15:52:59 - WARNING - Received 502 response: <html>
<head><title>502 Bad Gateway</title></head>
<body>
<center><h1>502 Bad Gateway</h1></center>
<hr><center>nginx</center>
</body>
</html>
. Retrying in a moment.
27-12-22 16:00:27 - WARNING - Subscribe to the mediawiki-api-announce mailing list at <https://lists.wikimedia.org/postorius/lists/mediawiki-api-announce.lists.wikimedia.org/> for notice of API deprecations and breaking changes.
27-12-22 16:00:27 - WARNING - Main-account login via "action=login" is deprecated and may stop working without warning. To continue login with "action=login", see [[Special:BotPasswords]]. To safely continue using main-account login, see "action=clientlogin".
27-12-22 16:00:38 - ERROR - Claim creation L12168-S2 (P6) SKurdishLexicon/fa_0292678427_sense failed, will try again...
Traceback (most recent call last):
  File "/home/david/GitHub/wikibase/kurdish/kwb.py", line 932, in updateclaim
    request = site.post('wbcreateclaim', token=token, entity=s, property=p, snaktype="value", value=value, bot=1)
  File "/home/david/GitHub/wikibase/wbienv/lib/python3.10/site-packages/mwclient/client.py", line 245, in post
    return self.api(action, 'POST', *args, **kwargs)
  File "/home/david/GitHub/wikibase/wbienv/lib/python3.10/site-packages/mwclient/client.py", line 288, in api
    if self.handle_api_result(info, sleeper=sleeper):
  File "/home/david/GitHub/wikibase/wbienv/lib/python3.10/site-packages/mwclient/client.py", line 331, in handle_api_result
    raise errors.APIError(info['error']['code'],
mwclient.errors.APIError: ('invalid-snak', 'Invalid snak data.', 'See https://kurdish.wikibase.cloud/w/api.php for API usage. Subscribe to the mediawiki-api-announce mailing list at &lt;https://lists.wikimedia.org/postorius/lists/mediawiki-api-announce.lists.wikimedia.org/&gt; for notice of API deprecations and breaking changes.')
27-12-22 16:00:42 - ERROR - Claim creation L12168-S2 (P6) SKurdishLexicon/fa_0292678427_sense failed, will try again...
Traceback (most recent call last):
  File "/home/david/GitHub/wikibase/kurdish/kwb.py", line 932, in updateclaim
    request = site.post('wbcreateclaim', token=token, entity=s, property=p, snaktype="value", value=value, bot=1)
  File "/home/david/GitHub/wikibase/wbienv/lib/python3.10/site-packages/mwclient/client.py", line 245, in post
    return self.api(action, 'POST', *args, **kwargs)
  File "/home/david/GitHub/wikibase/wbienv/lib/python3.10/site-packages/mwclient/client.py", line 288, in api
    if self.handle_api_result(info, sleeper=sleeper):
  File "/home/david/GitHub/wikibase/wbienv/lib/python3.10/site-packages/mwclient/client.py", line 331, in handle_api_result
    raise errors.APIError(info['error']['code'],
mwclient.errors.APIError: ('invalid-snak', 'Invalid snak data.', 'See https://kurdish.wikibase.cloud/w/api.php for API usage. Subscribe to the mediawiki-api-announce mailing list at &lt;https://lists.wikimedia.org/postorius/lists/mediawiki-api-announce.lists.wikimedia.org/&gt; for notice of API deprecations and breaking changes.')
27-12-22 16:13:08 - WARNING - Subscribe to the mediawiki-api-announce mailing list at <https://lists.wikimedia.org/postorius/lists/mediawiki-api-announce.lists.wikimedia.org/> for notice of API deprecations and breaking changes.
27-12-22 16:13:08 - WARNING - Main-account login via "action=login" is deprecated and may stop working without warning. To continue login with "action=login", see [[Special:BotPasswords]]. To safely continue using main-account login, see "action=clientlogin".
27-12-22 16:25:09 - WARNING - Subscribe to the mediawiki-api-announce mailing list at <https://lists.wikimedia.org/postorius/lists/mediawiki-api-announce.lists.wikimedia.org/> for notice of API deprecations and breaking changes.
27-12-22 16:25:09 - WARNING - Main-account login via "action=login" is deprecated and may stop working without warning. To continue login with "action=login", see [[Special:BotPasswords]]. To safely continue using main-account login, see "action=clientlogin".
27-12-22 16:28:10 - WARNING - Subscribe to the mediawiki-api-announce mailing list at <https://lists.wikimedia.org/postorius/lists/mediawiki-api-announce.lists.wikimedia.org/> for notice of API deprecations and breaking changes.
27-12-22 16:28:10 - WARNING - Main-account login via "action=login" is deprecated and may stop working without warning. To continue login with "action=login", see [[Special:BotPasswords]]. To safely continue using main-account login, see "action=clientlogin".
27-12-22 16:28:58 - WARNING - Subscribe to the mediawiki-api-announce mailing list at <https://lists.wikimedia.org/postorius/lists/mediawiki-api-announce.lists.wikimedia.org/> for notice of API deprecations and breaking changes.
27-12-22 16:28:58 - WARNING - Main-account login via "action=login" is deprecated and may stop working without warning. To continue login with "action=login", see [[Special:BotPasswords]]. To safely continue using main-account login, see "action=clientlogin".
27-12-22 16:30:03 - WARNING - Subscribe to the mediawiki-api-announce mailing list at <https://lists.wikimedia.org/postorius/lists/mediawiki-api-announce.lists.wikimedia.org/> for notice of API deprecations and breaking changes.
27-12-22 16:30:03 - WARNING - Main-account login via "action=login" is deprecated and may stop working without warning. To continue login with "action=login", see [[Special:BotPasswords]]. To safely continue using main-account login, see "action=clientlogin".
27-12-22 16:51:02 - WARNING - Received 502 response: <html>
<head><title>502 Bad Gateway</title></head>
<body>
<center><h1>502 Bad Gateway</h1></center>
<hr><center>nginx</center>
</body>
</html>
. Retrying in a moment.
27-12-22 16:58:07 - WARNING - Subscribe to the mediawiki-api-announce mailing list at <https://lists.wikimedia.org/postorius/lists/mediawiki-api-announce.lists.wikimedia.org/> for notice of API deprecations and breaking changes.
27-12-22 16:58:07 - WARNING - Main-account login via "action=login" is deprecated and may stop working without warning. To continue login with "action=login", see [[Special:BotPasswords]]. To safely continue using main-account login, see "action=clientlogin".
27-12-22 16:58:24 - WARNING - Subscribe to the mediawiki-api-announce mailing list at <https://lists.wikimedia.org/postorius/lists/mediawiki-api-announce.lists.wikimedia.org/> for notice of API deprecations and breaking changes.
27-12-22 16:58:24 - WARNING - Main-account login via "action=login" is deprecated and may stop working without warning. To continue login with "action=login", see [[Special:BotPasswords]]. To safely continue using main-account login, see "action=clientlogin".
27-12-22 16:58:37 - WARNING - Received 502 response: <html>
<head><title>502 Bad Gateway</title></head>
<body>
<center><h1>502 Bad Gateway</h1></center>
<hr><center>nginx</center>
</body>
</html>
. Retrying in a moment.
27-12-22 17:00:24 - WARNING - Received 502 response: <html>
<head><title>502 Bad Gateway</title></head>
<body>
<center><h1>502 Bad Gateway</h1></center>
<hr><center>nginx</center>
</body>
</html>
. Retrying in a moment.
27-12-22 17:17:04 - WARNING - Received 502 response: <html>
<head><title>502 Bad Gateway</title></head>
<body>
<center><h1>502 Bad Gateway</h1></center>
<hr><center>nginx</center>
</body>
</html>
. Retrying in a moment.
27-12-22 17:32:52 - WARNING - Received 502 response: <html>
<head><title>502 Bad Gateway</title></head>
<body>
<center><h1>502 Bad Gateway</h1></center>
<hr><center>nginx</center>
</body>
</html>
. Retrying in a moment.
27-12-22 17:35:07 - WARNING - Received 502 response: <html>
<head><title>502 Bad Gateway</title></head>
<body>
<center><h1>502 Bad Gateway</h1></center>
<hr><center>nginx</center>
</body>
</html>
. Retrying in a moment.
27-12-22 17:38:09 - WARNING - Received 502 response: <html>
<head><title>502 Bad Gateway</title></head>
<body>
<center><h1>502 Bad Gateway</h1></center>
<hr><center>nginx</center>
</body>
</html>
. Retrying in a moment.
27-12-22 17:40:53 - WARNING - Received 502 response: <html>
<head><title>502 Bad Gateway</title></head>
<body>
<center><h1>502 Bad Gateway</h1></center>
<hr><center>nginx</center>
</body>
</html>
. Retrying in a moment.
27-12-22 17:51:36 - WARNING - Received 502 response: <html>
<head><title>502 Bad Gateway</title></head>
<body>
<center><h1>502 Bad Gateway</h1></center>
<hr><center>nginx</center>
</body>
</html>
. Retrying in a moment.
27-12-22 18:11:37 - WARNING - Received 502 response: <html>
<head><title>502 Bad Gateway</title></head>
<body>
<center><h1>502 Bad Gateway</h1></center>
<hr><center>nginx</center>
</body>
</html>
. Retrying in a moment.
27-12-22 18:25:25 - WARNING - Received 502 response: <html>
<head><title>502 Bad Gateway</title></head>
<body>
<center><h1>502 Bad Gateway</h1></center>
<hr><center>nginx</center>
</body>
</html>
. Retrying in a moment.
27-12-22 18:52:14 - WARNING - Received 502 response: <html>
<head><title>502 Bad Gateway</title></head>
<body>
<center><h1>502 Bad Gateway</h1></center>
<hr><center>nginx</center>
</body>
</html>
. Retrying in a moment.
27-12-22 18:53:12 - WARNING - Received 502 response: <html>
<head><title>502 Bad Gateway</title></head>
<body>
<center><h1>502 Bad Gateway</h1></center>
<hr><center>nginx</center>
</body>
</html>
. Retrying in a moment.
27-12-22 19:02:58 - WARNING - Received 502 response: <html>
<head><title>502 Bad Gateway</title></head>
<body>
<center><h1>502 Bad Gateway</h1></center>
<hr><center>nginx</center>
</body>
</html>
. Retrying in a moment.
27-12-22 19:42:11 - WARNING - Received 502 response: <html>
<head><title>502 Bad Gateway</title></head>
<body>
<center><h1>502 Bad Gateway</h1></center>
<hr><center>nginx</center>
</body>
</html>
. Retrying in a moment.
27-12-22 20:40:59 - WARNING - Subscribe to the mediawiki-api-announce mailing list at <https://lists.wikimedia.org/postorius/lists/mediawiki-api-announce.lists.wikimedia.org/> for notice of API deprecations and breaking changes.
27-12-22 20:40:59 - WARNING - Main-account login via "action=login" is deprecated and may stop working without warning. To continue login with "action=login", see [[Special:BotPasswords]]. To safely continue using main-account login, see "action=clientlogin".
27-12-22 20:59:07 - ERROR - Unforeseen exception: 404 Client Error: Not Found for url: https://kurdish.wikibase.cloud/w/api.php
